\BOOKMARK [0][-]{figure.caption.1}{Acknowledgments}{}% 1
\BOOKMARK [0][-]{chapter*.2}{Abstract}{}% 2
\BOOKMARK [-1][-]{part.1}{Introduction}{}% 3
\BOOKMARK [0][-]{chapter.1}{Introduction}{part.1}% 4
\BOOKMARK [1][-]{section.1.1}{Motivation}{chapter.1}% 5
\BOOKMARK [1][-]{section.1.2}{About the Topic}{chapter.1}% 6
\BOOKMARK [1][-]{section.1.3}{Research scope}{chapter.1}% 7
\BOOKMARK [1][-]{section.1.4}{Reader's guide}{chapter.1}% 8
\BOOKMARK [0][-]{chapter.2}{Research Questions}{part.1}% 9
\BOOKMARK [1][-]{subsection.2.0.1}{Initial Hypothesis}{chapter.2}% 10
\BOOKMARK [2][-]{subsection.2.0.2}{Research Qestions}{subsection.2.0.1}% 11
\BOOKMARK [1][-]{section.2.1}{Current state-of-art}{chapter.2}% 12
\BOOKMARK [2][-]{subsection.2.1.1}{Problems}{section.2.1}% 13
\BOOKMARK [2][-]{subsection.2.1.2}{Maintainability}{section.2.1}% 14
\BOOKMARK [1][-]{section.2.2}{Requirement Analysis}{chapter.2}% 15
\BOOKMARK [2][-]{subsection.2.2.1}{Stakeholders}{section.2.2}% 16
\BOOKMARK [2][-]{subsection.2.2.2}{Meetings}{section.2.2}% 17
\BOOKMARK [0][-]{chapter.3}{Literature Survey}{part.1}% 18
\BOOKMARK [-1][-]{part.2}{Thesis Contribution}{}% 19
\BOOKMARK [0][-]{chapter.4}{Conceptualization}{part.2}% 20
\BOOKMARK [1][-]{section.4.1}{Idea Generation and Evolution}{chapter.4}% 21
\BOOKMARK [2][-]{subsection.4.1.1}{Initial Ideas}{section.4.1}% 22
\BOOKMARK [2][-]{subsection.4.1.2}{A proof of concept}{section.4.1}% 23
\BOOKMARK [1][-]{section.4.2}{Improved Process}{chapter.4}% 24
\BOOKMARK [2][-]{subsection.4.2.1}{Process Details}{section.4.2}% 25
\BOOKMARK [0][-]{chapter.5}{Implementation}{part.2}% 26
\BOOKMARK [1][-]{section.5.1}{Architecture and Technical outline}{chapter.5}% 27
\BOOKMARK [1][-]{section.5.2}{Details of the implemented parts}{chapter.5}% 28
\BOOKMARK [1][-]{section.5.3}{Future implementation}{chapter.5}% 29
\BOOKMARK [-1][-]{part.3}{Evaluation and Conclusion}{}% 30
\BOOKMARK [0][-]{chapter.6}{Evaluation}{part.3}% 31
\BOOKMARK [1][-]{section.6.1}{Meetings and Discuassions}{chapter.6}% 32
\BOOKMARK [1][-]{section.6.2}{Survey}{chapter.6}% 33
\BOOKMARK [1][-]{section.6.3}{Evaluation}{chapter.6}% 34
\BOOKMARK [0][-]{chapter.7}{Conclusion}{part.3}% 35
\BOOKMARK [1][-]{section.7.1}{Challenges}{chapter.7}% 36
\BOOKMARK [1][-]{section.7.2}{Benefits of implemented solution}{chapter.7}% 37
\BOOKMARK [1][-]{section.7.3}{arguments to support the idea}{chapter.7}% 38
\BOOKMARK [1][-]{section.7.4}{Concluding Remanks}{chapter.7}% 39
\BOOKMARK [0][-]{appendix*.5}{List of Figures}{part.3}% 40
\BOOKMARK [0][-]{appendix*.6}{List of Tables}{part.3}% 41
